<?xml version="1.0" encoding="UTF-8"?>
<robot generator="Robot 7.1 (Python 3.11.0rc1 on linux)" generated="2024-09-13T08:37:49.193056" rpa="false" schemaversion="5">
<suite id="s1" name="Test" source="/home/jfurigo/Documentos/Projetos/ROBOT_FRAMEWORK/robot/test.robot">
<test id="s1-t1" name="Caso de teste Exemplo" line="6">
<kw name="Acessar a página do youtube" owner="resource">
<kw name="Open Browser" owner="SeleniumLibrary">
<msg time="2024-09-13T08:37:49.461333" level="INFO">Opening browser 'chrome' to base url 'https://www.amazon.com.br/'.</msg>
<arg>url=${URL}</arg>
<arg>browser=${BROWSER}</arg>
<doc>Opens a new browser instance to the optional ``url``.</doc>
<status status="PASS" start="2024-09-13T08:37:49.461018" elapsed="3.504100"/>
</kw>
<status status="PASS" start="2024-09-13T08:37:49.460329" elapsed="3.505087"/>
</kw>
<kw name="Pesquisar por celulares" owner="resource">
<kw name="Input Text" owner="SeleniumLibrary">
<msg time="2024-09-13T08:37:52.967288" level="INFO">Typing text 'celulares' into text field 'id=twotabsearchtextbox'.</msg>
<arg>locator=id=twotabsearchtextbox</arg>
<arg>text=celulares</arg>
<doc>Types the given ``text`` into the text field identified by ``locator``.</doc>
<status status="PASS" start="2024-09-13T08:37:52.966617" elapsed="0.184871"/>
</kw>
<kw name="Click Element" owner="SeleniumLibrary">
<msg time="2024-09-13T08:37:53.152318" level="INFO">Clicking element 'id=nav-search-submit-text'.</msg>
<arg>locator=id=nav-search-submit-text</arg>
<doc>Click the element identified by ``locator``.</doc>
<status status="PASS" start="2024-09-13T08:37:53.151975" elapsed="2.602855"/>
</kw>
<status status="PASS" start="2024-09-13T08:37:52.965986" elapsed="2.789017"/>
</kw>
<kw name="Validar o resultado" owner="resource">
<kw name="Wait Until Page Contains" owner="SeleniumLibrary">
<arg>text=Resultados</arg>
<doc>Waits until ``text`` appears on the current page.</doc>
<status status="PASS" start="2024-09-13T08:37:55.755812" elapsed="0.072600"/>
</kw>
<status status="PASS" start="2024-09-13T08:37:55.755325" elapsed="0.073330"/>
</kw>
<status status="PASS" start="2024-09-13T08:37:49.459730" elapsed="6.369238"/>
</test>
<doc>Teste Exemplo</doc>
<status status="PASS" start="2024-09-13T08:37:49.199197" elapsed="6.630492"/>
</suite>
<statistics>
<total>
<stat pass="1" fail="0" skip="0">All Tests</stat>
</total>
<tag>
</tag>
<suite>
<stat pass="1" fail="0" skip="0" id="s1" name="Test">Test</stat>
</suite>
</statistics>
<errors>
</errors>
</robot>
